<?xml version="1.0" encoding="utf-8"?>
<TestRun id="7017d6bb-9283-4591-8ba9-5c53980fb0ee" name="deniz@DENIZBITMEZ 2026-01-07 00:34:25" runUser="DENIZBITMEZ\deniz" xmlns="http://microsoft.com/schemas/VisualStudio/TeamTest/2010">
  <Times creation="2026-01-07T00:34:25.0506814+03:00" queuing="2026-01-07T00:34:25.0506816+03:00" start="2026-01-07T00:34:23.4726632+03:00" finish="2026-01-07T00:34:25.0657252+03:00" />
  <TestSettings name="default" id="1af4aa21-3a1e-430f-8c6c-018a865b24ed">
    <Deployment runDeploymentRoot="deniz_DENIZBITMEZ_2026-01-07_00_34_25" />
  </TestSettings>
  <Results>
    <UnitTestResult executionId="d7219ecb-c753-4288-a28c-1b9ac70a2a99" testId="a561a042-3c0d-cb6a-0881-cf69201768a4" testName="StudentManagementApi.Tests.Controllers.AuthControllerTests.Register_ValidRequest_ReturnsOk" computerName="DENIZBITMEZ" duration="00:00:00.0666263" startTime="2026-01-07T00:34:24.9604716+03:00" endTime="2026-01-07T00:34:24.9604717+03:00" testType="13cdc9d9-ddb5-4fa4-a97d-d965ccfc6d4b" outcome="Passed" testListId="8c84fa94-04c1-424b-9868-57a2d4851a1d" relativeResultsDirectory="d7219ecb-c753-4288-a28c-1b9ac70a2a99" />
    <UnitTestResult executionId="4395b7c9-1b70-4f28-8375-cc713f264eeb" testId="5a47edea-f6ca-1832-15eb-bd5bc468c2ca" testName="StudentManagementApi.Tests.Controllers.AuthControllerTests.Login_InvalidCredentials_ReturnsUnauthorized" computerName="DENIZBITMEZ" duration="00:00:00.0332256" startTime="2026-01-07T00:34:24.8769249+03:00" endTime="2026-01-07T00:34:24.8769258+03:00" testType="13cdc9d9-ddb5-4fa4-a97d-d965ccfc6d4b" outcome="Passed" testListId="8c84fa94-04c1-424b-9868-57a2d4851a1d" relativeResultsDirectory="4395b7c9-1b70-4f28-8375-cc713f264eeb" />
    <UnitTestResult executionId="b14454cb-d8e8-446d-9803-63cd70d5907d" testId="c9dbd1ba-816c-f4d3-ceff-da44567bc7ab" testName="StudentManagementApi.Tests.Controllers.AuthControllerTests.Login_ValidCredentials_ReturnsAuthResponse" computerName="DENIZBITMEZ" duration="00:00:00.9257059" startTime="2026-01-07T00:34:24.8464367+03:00" endTime="2026-01-07T00:34:24.8464521+03:00" testType="13cdc9d9-ddb5-4fa4-a97d-d965ccfc6d4b" outcome="Failed" testListId="8c84fa94-04c1-424b-9868-57a2d4851a1d" relativeResultsDirectory="b14454cb-d8e8-446d-9803-63cd70d5907d">
      <Output>
        <ErrorInfo>
          <Message>Expected result.Result to be Microsoft.AspNetCore.Mvc.OkObjectResult, but found &lt;null&gt;.</Message>
          <StackTrace>   at FluentAssertions.Execution.XUnit2TestFramework.Throw(String message)&#xD;
   at FluentAssertions.Execution.TestFrameworkProvider.Throw(String message)&#xD;
   at FluentAssertions.Execution.DefaultAssertionStrategy.HandleFailure(String message)&#xD;
   at FluentAssertions.Execution.AssertionScope.FailWith(Func`1 failReasonFunc)&#xD;
   at FluentAssertions.Execution.AssertionScope.FailWith(Func`1 failReasonFunc)&#xD;
   at FluentAssertions.Execution.AssertionScope.FailWith(String message, Object[] args)&#xD;
   at FluentAssertions.Primitives.ReferenceTypeAssertions`2.BeOfType(Type expectedType, String because, Object[] becauseArgs)&#xD;
   at FluentAssertions.Primitives.ReferenceTypeAssertions`2.BeOfType[T](String because, Object[] becauseArgs)&#xD;
   at StudentManagementApi.Tests.Controllers.AuthControllerTests.Login_ValidCredentials_ReturnsAuthResponse() in C:\Users\deniz\student-automation-system\StudentManagementApi.Tests\Controllers\AuthControllerTests.cs:line 116&#xD;
--- End of stack trace from previous location ---</StackTrace>
        </ErrorInfo>
      </Output>
    </UnitTestResult>
    <UnitTestResult executionId="8b2d48af-f137-4439-98d1-354157de2ba2" testId="d8f82844-3efa-0eb7-3531-438bc7196803" testName="StudentManagementApi.Tests.Controllers.AuthControllerTests.Register_InvalidRole_ReturnsBadRequest" computerName="DENIZBITMEZ" duration="00:00:00.0172875" startTime="2026-01-07T00:34:24.8938077+03:00" endTime="2026-01-07T00:34:24.8938079+03:00" testType="13cdc9d9-ddb5-4fa4-a97d-d965ccfc6d4b" outcome="Passed" testListId="8c84fa94-04c1-424b-9868-57a2d4851a1d" relativeResultsDirectory="8b2d48af-f137-4439-98d1-354157de2ba2" />
  </Results>
  <TestDefinitions>
    <UnitTest name="StudentManagementApi.Tests.Controllers.AuthControllerTests.Login_InvalidCredentials_ReturnsUnauthorized" storage="c:\users\deniz\student-automation-system\studentmanagementapi.tests\bin\debug\net9.0\studentmanagementapi.tests.dll" id="5a47edea-f6ca-1832-15eb-bd5bc468c2ca">
      <Execution id="4395b7c9-1b70-4f28-8375-cc713f264eeb" />
      <TestMethod codeBase="C:\Users\deniz\student-automation-system\StudentManagementApi.Tests\bin\Debug\net9.0\StudentManagementApi.Tests.dll" adapterTypeName="executor://xunit/VsTestRunner2/netcoreapp" className="StudentManagementApi.Tests.Controllers.AuthControllerTests" name="Login_InvalidCredentials_ReturnsUnauthorized" />
    </UnitTest>
    <UnitTest name="StudentManagementApi.Tests.Controllers.AuthControllerTests.Register_InvalidRole_ReturnsBadRequest" storage="c:\users\deniz\student-automation-system\studentmanagementapi.tests\bin\debug\net9.0\studentmanagementapi.tests.dll" id="d8f82844-3efa-0eb7-3531-438bc7196803">
      <Execution id="8b2d48af-f137-4439-98d1-354157de2ba2" />
      <TestMethod codeBase="C:\Users\deniz\student-automation-system\StudentManagementApi.Tests\bin\Debug\net9.0\StudentManagementApi.Tests.dll" adapterTypeName="executor://xunit/VsTestRunner2/netcoreapp" className="StudentManagementApi.Tests.Controllers.AuthControllerTests" name="Register_InvalidRole_ReturnsBadRequest" />
    </UnitTest>
    <UnitTest name="StudentManagementApi.Tests.Controllers.AuthControllerTests.Login_ValidCredentials_ReturnsAuthResponse" storage="c:\users\deniz\student-automation-system\studentmanagementapi.tests\bin\debug\net9.0\studentmanagementapi.tests.dll" id="c9dbd1ba-816c-f4d3-ceff-da44567bc7ab">
      <Execution id="b14454cb-d8e8-446d-9803-63cd70d5907d" />
      <TestMethod codeBase="C:\Users\deniz\student-automation-system\StudentManagementApi.Tests\bin\Debug\net9.0\StudentManagementApi.Tests.dll" adapterTypeName="executor://xunit/VsTestRunner2/netcoreapp" className="StudentManagementApi.Tests.Controllers.AuthControllerTests" name="Login_ValidCredentials_ReturnsAuthResponse" />
    </UnitTest>
    <UnitTest name="StudentManagementApi.Tests.Controllers.AuthControllerTests.Register_ValidRequest_ReturnsOk" storage="c:\users\deniz\student-automation-system\studentmanagementapi.tests\bin\debug\net9.0\studentmanagementapi.tests.dll" id="a561a042-3c0d-cb6a-0881-cf69201768a4">
      <Execution id="d7219ecb-c753-4288-a28c-1b9ac70a2a99" />
      <TestMethod codeBase="C:\Users\deniz\student-automation-system\StudentManagementApi.Tests\bin\Debug\net9.0\StudentManagementApi.Tests.dll" adapterTypeName="executor://xunit/VsTestRunner2/netcoreapp" className="StudentManagementApi.Tests.Controllers.AuthControllerTests" name="Register_ValidRequest_ReturnsOk" />
    </UnitTest>
  </TestDefinitions>
  <TestEntries>
    <TestEntry testId="a561a042-3c0d-cb6a-0881-cf69201768a4" executionId="d7219ecb-c753-4288-a28c-1b9ac70a2a99" testListId="8c84fa94-04c1-424b-9868-57a2d4851a1d" />
    <TestEntry testId="5a47edea-f6ca-1832-15eb-bd5bc468c2ca" executionId="4395b7c9-1b70-4f28-8375-cc713f264eeb" testListId="8c84fa94-04c1-424b-9868-57a2d4851a1d" />
    <TestEntry testId="c9dbd1ba-816c-f4d3-ceff-da44567bc7ab" executionId="b14454cb-d8e8-446d-9803-63cd70d5907d" testListId="8c84fa94-04c1-424b-9868-57a2d4851a1d" />
    <TestEntry testId="d8f82844-3efa-0eb7-3531-438bc7196803" executionId="8b2d48af-f137-4439-98d1-354157de2ba2" testListId="8c84fa94-04c1-424b-9868-57a2d4851a1d" />
  </TestEntries>
  <TestLists>
    <TestList name="Bir Listede Olmayan Sonuçlar" id="8c84fa94-04c1-424b-9868-57a2d4851a1d" />
    <TestList name="Yüklenen Tüm Sonuçlar" id="19431567-8539-422a-85d7-44ee4e166bda" />
  </TestLists>
  <ResultSummary outcome="Failed">
    <Counters total="4" executed="4" passed="3" failed="1" error="0" timeout="0" aborted="0" inconclusive="0" passedButRunAborted="0" notRunnable="0" notExecuted="0" disconnected="0" warning="0" completed="0" inProgress="0" pending="0" />
    <Output>
      <StdOut>[xUnit.net 00:00:00.00] xUnit.net VSTest Adapter v2.8.2+699d445a1a (64-bit .NET 9.0.3)&#xD;
[xUnit.net 00:00:00.06]   Discovering: StudentManagementApi.Tests&#xD;
[xUnit.net 00:00:00.09]   Discovered:  StudentManagementApi.Tests&#xD;
[xUnit.net 00:00:00.09]   Starting:    StudentManagementApi.Tests&#xD;
[xUnit.net 00:00:01.05]       Expected result.Result to be Microsoft.AspNetCore.Mvc.OkObjectResult, but found &lt;null&gt;.&#xD;
[xUnit.net 00:00:01.05]       Stack Trace:&#xD;
[xUnit.net 00:00:01.05]            at FluentAssertions.Execution.XUnit2TestFramework.Throw(String message)&#xD;
[xUnit.net 00:00:01.05]            at FluentAssertions.Execution.TestFrameworkProvider.Throw(String message)&#xD;
[xUnit.net 00:00:01.05]            at FluentAssertions.Execution.DefaultAssertionStrategy.HandleFailure(String message)&#xD;
[xUnit.net 00:00:01.05]            at FluentAssertions.Execution.AssertionScope.FailWith(Func`1 failReasonFunc)&#xD;
[xUnit.net 00:00:01.05]            at FluentAssertions.Execution.AssertionScope.FailWith(Func`1 failReasonFunc)&#xD;
[xUnit.net 00:00:01.05]            at FluentAssertions.Execution.AssertionScope.FailWith(String message, Object[] args)&#xD;
[xUnit.net 00:00:01.05]            at FluentAssertions.Primitives.ReferenceTypeAssertions`2.BeOfType(Type expectedType, String because, Object[] becauseArgs)&#xD;
[xUnit.net 00:00:01.05]            at FluentAssertions.Primitives.ReferenceTypeAssertions`2.BeOfType[T](String because, Object[] becauseArgs)&#xD;
[xUnit.net 00:00:01.05]         C:\Users\deniz\student-automation-system\StudentManagementApi.Tests\Controllers\AuthControllerTests.cs(116,0): at StudentManagementApi.Tests.Controllers.AuthControllerTests.Login_ValidCredentials_ReturnsAuthResponse()&#xD;
[xUnit.net 00:00:01.05]         --- End of stack trace from previous location ---&#xD;
[xUnit.net 00:00:01.17]   Finished:    StudentManagementApi.Tests&#xD;
</StdOut>
    </Output>
    <RunInfos>
      <RunInfo computerName="DENIZBITMEZ" outcome="Error" timestamp="2026-01-07T00:34:24.8450180+03:00">
        <Text>[xUnit.net 00:00:01.05]     StudentManagementApi.Tests.Controllers.AuthControllerTests.Login_ValidCredentials_ReturnsAuthResponse [FAIL]</Text>
      </RunInfo>
    </RunInfos>
  </ResultSummary>
</TestRun>